<?xml version="1.0" encoding="UTF-8"?>
<!-- Generated by org.testng.reporters.JUnitXMLReporter -->
<testsuite ignored="0" hostname="RASELVAM-54QTQ" failures="3" tests="3" name="smookTest" time="0.085" errors="0" timestamp="2022-06-30T18:35:46 IST">
  <testcase classname="TestngFailer.TestDemo2" name="twitterTest" time="0.016">
    <failure type="java.lang.AssertionError" message="expected [true] but found [false]">
      <![CDATA[java.lang.AssertionError: expected [true] but found [false]
at TestngFailer.TestDemo2.twitterTest(TestDemo2.java:11)
at java.base/java.util.ArrayList.forEach(ArrayList.java:1541)
... Removed 31 stack frames]]>
    </failure>
  </testcase> <!-- twitterTest -->
  <testcase classname="TestngFailer.TestDemo1" name="fbTest" time="0.001">
    <failure type="java.lang.AssertionError" message="expected [true] but found [false]">
      <![CDATA[java.lang.AssertionError: expected [true] but found [false]
at TestngFailer.TestDemo1.fbTest(TestDemo1.java:11)
at java.base/java.util.ArrayList.forEach(ArrayList.java:1541)
... Removed 31 stack frames]]>
    </failure>
  </testcase> <!-- fbTest -->
  <testcase classname="TestngFailer.TestDemo3" name="wordpressTest" time="0.002">
    <failure type="java.lang.AssertionError" message="expected [true] but found [false]">
      <![CDATA[java.lang.AssertionError: expected [true] but found [false]
at TestngFailer.TestDemo3.wordpressTest(TestDemo3.java:14)
at java.base/java.util.ArrayList.forEach(ArrayList.java:1541)
... Removed 31 stack frames]]>
    </failure>
  </testcase> <!-- wordpressTest -->
</testsuite> <!-- smookTest -->
